  -2.00000000       1.04264568E-15
  -1.98000002       4.05123762E-16
  -1.96000004       4.14780917E-17
  -1.94000006       8.78444552E-18
  -1.91999996       1.45456349E-16
  -1.89999998       9.67789564E-16
  -1.88000000       1.29999546E-15
  -1.86000001       1.10619549E-15
  -1.84000003       6.23913775E-16
  -1.82000005       9.38416791E-16
  -1.79999995       8.24402292E-16
  -1.77999997       2.90160083E-16
  -1.75999999       1.51393587E-16
  -1.74000001       3.68198314E-16
  -1.72000003       4.87940053E-16
  -1.70000005       1.21615095E-15
  -1.68000007       5.11864286E-16
  -1.65999997       5.69235522E-16
  -1.63999999       1.64732715E-15
  -1.62000000       5.72365044E-16
  -1.60000002       2.26604527E-16
  -1.58000004       1.75880330E-16
  -1.56000006       1.05008178E-15
  -1.53999996       2.50917692E-15
  -1.51999998       9.57310086E-17
  -1.50000000       9.13866070E-16
  -1.48000002       1.97165151E-15
  -1.46000004       3.19892242E-15
  -1.44000006       6.86585129E-15
  -1.41999996       1.31340116E-14
  -1.39999998       2.56650339E-14
  -1.38000000       1.08052808E-13
  -1.36000001       5.15104398E-13
  -1.34000003       2.01456169E-12
  -1.32000005       7.21248538E-12
  -1.30000007       2.63537612E-11
  -1.27999997       9.48562409E-11
  -1.25999999       3.22737226E-10
  -1.24000001       1.07276521E-09
  -1.22000003       3.45284157E-09
  -1.20000005       1.07676508E-08
  -1.18000007       3.24820491E-08
  -1.15999997       9.49128918E-08
  -1.13999999       2.68756764E-07
  -1.12000000       7.36668312E-07
  -1.10000002       1.95614234E-06
  -1.08000004       5.03081765E-06
  -1.06000006       1.25300339E-05
  -1.03999996       3.02252956E-05
  -1.01999998       7.06158316E-05
  -1.00000000       1.59779564E-04
 -0.980000019       3.50146933E-04
 -0.960000038       7.43164856E-04
 -0.939999998       1.52762362E-03
 -0.920000017       3.04125529E-03
 -0.900000036       5.86397666E-03
 -0.879999995       1.09504834E-02
 -0.860000014       1.98051035E-02
 -0.840000033       3.46915163E-02
 -0.820000052       5.88533394E-02
 -0.800000012       9.66992527E-02
 -0.780000031      0.153878063    
 -0.760000050      0.237155139    
 -0.740000010      0.353990436    
 -0.720000029      0.511743844    
 -0.700000048      0.716499865    
 -0.680000007      0.971588314    
 -0.660000026       1.27600062    
 -0.640000045       1.62301230    
 -0.620000005       1.99938023    
 -0.600000024       2.38545442    
 -0.580000043       2.75644803    
 -0.560000062       3.08482504    
 -0.540000021       3.34359860    
 -0.520000041       3.50994229    
 -0.500000060       3.56852198    
 -0.480000019       3.51381779    
 -0.460000038       3.35098481    
 -0.440000027       3.09505630    
 -0.420000046       2.76864147    
 -0.400000036       2.39865303    
 -0.380000025       2.01266170    
 -0.360000044       1.63559723    
 -0.340000033       1.28731453    
 -0.320000052      0.981285274    
 -0.300000042      0.724449992    
 -0.280000031      0.517993271    
 -0.260000050      0.358709008    
 -0.240000039      0.240581781    
 -0.220000044      0.156273708    
 -0.200000048       9.83131528E-02
 -0.180000037       5.99017553E-02
 -0.160000041       3.53484005E-02
 -0.140000045       2.02024076E-02
 -0.120000042       1.11824907E-02
 -0.100000039       5.99482469E-03
  -8.00000429E-02   3.11255222E-03
  -6.00000434E-02   1.56516582E-03
  -4.00000438E-02   7.62265292E-04
  -2.00000443E-02   3.59544560E-04
  -4.47034836E-08   1.64249679E-04
   1.99999548E-02   7.26884682E-05
   3.99999544E-02   3.11464719E-05
   5.99999540E-02   1.29262662E-05
   7.99999535E-02   5.19554624E-06
   9.99999493E-02   2.02253364E-06
  0.119999953       7.62498303E-07
  0.139999956       2.78452802E-07
  0.159999952       9.84536044E-08
  0.179999948       3.37272219E-08
  0.199999958       1.11875345E-08
  0.219999954       3.59567798E-09
  0.239999950       1.11800047E-09
  0.259999961       3.36451700E-10
  0.279999942       9.86652496E-11
  0.299999952       2.76026372E-11
  0.319999933       7.67488937E-12
  0.339999944       2.03406107E-12
  0.359999955       4.99305946E-13
  0.379999936       1.37763702E-13
  0.399999946       2.86419278E-14
  0.419999957       4.77471117E-15
  0.439999938       6.29335485E-15
  0.459999949       1.18409383E-15
  0.479999959       1.06105022E-15
  0.499999940       6.29570208E-16
  0.519999921       3.91222714E-17
  0.539999962       2.23320528E-16
  0.559999943       3.55505366E-16
  0.579999924       2.70743679E-16
  0.599999964       9.53707535E-16
  0.619999945       1.88014315E-15
  0.639999926       1.11831981E-15
  0.659999967       7.17152621E-16
  0.679999948       8.96967869E-16
  0.699999928       1.30259704E-16
  0.719999909       4.85261629E-16
  0.739999950       4.71620375E-16
  0.759999931       6.53509014E-17
  0.779999912       2.22141114E-16
  0.799999952       8.60639579E-16
  0.819999933       6.85775397E-16
  0.839999914       5.32246334E-16
  0.859999955       2.38258007E-16
  0.879999936       6.05540082E-17
  0.899999917       4.76427022E-16
  0.919999957       4.78257248E-16
  0.939999938       3.22659467E-16
  0.959999919       4.00915835E-16
  0.979999959       5.00260729E-16
  0.999999940       2.54997442E-16
   1.01999998       3.70084285E-16
   1.03999996       3.28898817E-16
   1.05999994       7.77032080E-16
   1.07999992       7.12956526E-16
   1.09999990       4.18571178E-16
   1.11999989       9.18254124E-16
   1.13999999       9.04460511E-16
   1.15999997       8.01582218E-16
   1.17999995       2.46682967E-16
   1.19999993       4.89578214E-16
   1.21999991       1.03112434E-15
   1.23999989       3.52500278E-16
   1.25999987       5.09081955E-17
   1.27999997       2.36742347E-16
   1.29999995       3.07973218E-18
   1.31999993       4.31732230E-17
   1.33999991       1.56050918E-16
   1.35999990       1.41139578E-16
   1.37999988       4.24951963E-17
   1.39999998       5.58040605E-16
   1.41999996       5.80725153E-16
   1.43999994       3.61233665E-16
   1.45999992       1.59362539E-16
   1.47999990       1.60827707E-16
   1.49999988       2.94841131E-16
   1.51999998       8.05631565E-16
   1.53999996       1.53721816E-16
   1.55999994       2.03579022E-16
   1.57999992       2.35631811E-17
   1.59999990       1.78100403E-16
   1.61999989       1.08828924E-16
   1.63999987       5.03969053E-17
   1.65999997       8.92306660E-17
   1.67999995       1.32804059E-16
   1.69999993       6.87667470E-17
   1.71999991       2.25265924E-16
   1.73999989       1.20166857E-16
   1.75999987       2.17410742E-17
   1.77999997       4.14402101E-17
   1.79999995       1.53288664E-16
   1.81999993       3.48758113E-16
   1.83999991       6.81862250E-17
   1.85999990       1.70618151E-16
   1.87999988       2.05594669E-16
   1.89999986       1.56721331E-16
   1.91999996       2.43156186E-16
   1.93999994       4.84572197E-16
   1.95999992       2.50800129E-16
   1.97999990       2.24065493E-16
   1.99999988       4.91872191E-16
   2.01999998       2.61106667E-16
   2.03999996       7.43862151E-17
   2.05999994       8.14057491E-17
   2.07999992       1.40749956E-16
   2.09999990       2.47034565E-16
   2.11999989       3.63366891E-16
   2.13999987       3.55233938E-17
   2.15999985       5.51522951E-16
   2.17999983       3.36470206E-16
   2.19999981       1.08582431E-16
   2.21999979       7.90266983E-17
   2.24000001       2.75964194E-17
   2.25999999       5.33053749E-17
   2.27999997       6.73047127E-18
   2.29999995       9.99019841E-17
   2.31999993       2.29413381E-17
   2.33999991       4.24942321E-16
   2.35999990       2.02624376E-16
   2.37999988       1.26398147E-16
   2.39999986       1.02346451E-15
   2.41999984       3.86859032E-16
   2.43999982       1.05936584E-16
   2.45999980       1.92659933E-16
   2.48000002       1.07902934E-15
   2.50000000       9.17103152E-17
   2.51999998       1.39220767E-17
   2.53999996       2.12762222E-16
   2.55999994       1.56544090E-16
   2.57999992       1.92394521E-16
   2.59999990       5.39050444E-16
   2.61999989       5.77237866E-16
   2.63999987       5.01117768E-16
   2.65999985       1.69273327E-16
   2.67999983       2.46387644E-16
   2.69999981       1.98897352E-16
   2.71999979       1.46984502E-16
   2.74000001       1.18306881E-15
   2.75999999       1.17067735E-15
   2.77999997       6.79369816E-16
   2.79999995       1.37357584E-15
   2.81999993       6.68943344E-17
   2.83999991       7.50869826E-16
   2.85999990       3.45227151E-16
   2.87999988       2.98036192E-16
   2.89999986       6.07613950E-16
   2.91999984       4.54358743E-16
   2.93999982       1.01307004E-15
   2.95999980       1.20223780E-16
   2.97999978       4.40214749E-16
   3.00000000       8.01887348E-17
   3.01999998       1.70996608E-15
   3.03999996       2.78369755E-15
   3.05999994       1.31689112E-15
   3.07999992       1.51110688E-15
   3.09999990       2.07927551E-15
