  -2.00000000       0.00000000    
  -1.98000002       0.00000000    
  -1.96000004       0.00000000    
  -1.94000006       0.00000000    
  -1.91999996       0.00000000    
  -1.89999998       0.00000000    
  -1.88000000       0.00000000    
  -1.86000001       0.00000000    
  -1.84000003       0.00000000    
  -1.82000005       0.00000000    
  -1.79999995       0.00000000    
  -1.77999997       0.00000000    
  -1.75999999       0.00000000    
  -1.74000001       0.00000000    
  -1.72000003       0.00000000    
  -1.70000005       0.00000000    
  -1.68000007       0.00000000    
  -1.65999997       0.00000000    
  -1.63999999       0.00000000    
  -1.62000000       0.00000000    
  -1.60000002       0.00000000    
  -1.58000004       0.00000000    
  -1.56000006       0.00000000    
  -1.53999996       0.00000000    
  -1.51999998       0.00000000    
  -1.50000000       0.00000000    
  -1.48000002       0.00000000    
  -1.46000004       0.00000000    
  -1.44000006       0.00000000    
  -1.41999996       0.00000000    
  -1.39999998       0.00000000    
  -1.38000000       0.00000000    
  -1.36000001       0.00000000    
  -1.34000003       0.00000000    
  -1.32000005       0.00000000    
  -1.30000007       0.00000000    
  -1.27999997       0.00000000    
  -1.25999999       0.00000000    
  -1.24000001       0.00000000    
  -1.22000003       0.00000000    
  -1.20000005       0.00000000    
  -1.18000007       0.00000000    
  -1.15999997       0.00000000    
  -1.13999999       0.00000000    
  -1.12000000       0.00000000    
  -1.10000002       0.00000000    
  -1.08000004       0.00000000    
  -1.06000006       0.00000000    
  -1.03999996       0.00000000    
  -1.01999998       0.00000000    
  -1.00000000       0.00000000    
 -0.980000019       0.00000000    
 -0.960000038       0.00000000    
 -0.939999998       0.00000000    
 -0.920000017       0.00000000    
 -0.900000036       0.00000000    
 -0.879999995       0.00000000    
 -0.860000014       0.00000000    
 -0.840000033       0.00000000    
 -0.820000052       0.00000000    
 -0.800000012       0.00000000    
 -0.780000031       0.00000000    
 -0.760000050       0.00000000    
 -0.740000010       0.00000000    
 -0.720000029       0.00000000    
 -0.700000048       0.00000000    
 -0.680000007       0.00000000    
 -0.660000026       0.00000000    
 -0.640000045       0.00000000    
 -0.620000005       0.00000000    
 -0.600000024       0.00000000    
 -0.580000043       0.00000000    
 -0.560000062       0.00000000    
 -0.540000021       0.00000000    
 -0.520000041       0.00000000    
 -0.500000060       0.00000000    
 -0.480000019       0.00000000    
 -0.460000038       0.00000000    
 -0.440000027       0.00000000    
 -0.420000046       0.00000000    
 -0.400000036       0.00000000    
 -0.380000025       0.00000000    
 -0.360000044       0.00000000    
 -0.340000033       0.00000000    
 -0.320000052       0.00000000    
 -0.300000042       0.00000000    
 -0.280000031       0.00000000    
 -0.260000050       0.00000000    
 -0.240000039       0.00000000    
 -0.220000044       0.00000000    
 -0.200000048       0.00000000    
 -0.180000037       0.00000000    
 -0.160000041       0.00000000    
 -0.140000045       0.00000000    
 -0.120000042       0.00000000    
 -0.100000039       0.00000000    
  -8.00000429E-02   0.00000000    
  -6.00000434E-02   0.00000000    
  -4.00000438E-02   0.00000000    
  -2.00000443E-02   0.00000000    
  -4.47034836E-08   0.00000000    
   1.99999548E-02  0.100000001    
   3.99999544E-02  0.100000001    
   5.99999540E-02  0.100000001    
   7.99999535E-02  0.100000001    
   9.99999493E-02  0.100000001    
  0.119999953      0.100000001    
  0.139999956      0.100000001    
  0.159999952      0.100000001    
  0.179999948      0.100000001    
  0.199999958      0.100000001    
  0.219999954      0.100000001    
  0.239999950      0.100000001    
  0.259999961      0.100000001    
  0.279999942      0.100000001    
  0.299999952      0.100000001    
  0.319999933      0.100000001    
  0.339999944      0.100000001    
  0.359999955      0.100000001    
  0.379999936      0.100000001    
  0.399999946      0.100000001    
  0.419999957      0.100000001    
  0.439999938      0.100000001    
  0.459999949      0.100000001    
  0.479999959      0.100000001    
  0.499999940      0.100000001    
  0.519999921      0.100000001    
  0.539999962      0.100000001    
  0.559999943      0.100000001    
  0.579999924      0.100000001    
  0.599999964      0.100000001    
  0.619999945      0.100000001    
  0.639999926      0.100000001    
  0.659999967      0.100000001    
  0.679999948      0.100000001    
  0.699999928      0.100000001    
  0.719999909      0.100000001    
  0.739999950      0.100000001    
  0.759999931      0.100000001    
  0.779999912      0.100000001    
  0.799999952      0.100000001    
  0.819999933      0.100000001    
  0.839999914      0.100000001    
  0.859999955      0.100000001    
  0.879999936      0.100000001    
  0.899999917      0.100000001    
  0.919999957      0.100000001    
  0.939999938      0.100000001    
  0.959999919      0.100000001    
  0.979999959      0.100000001    
  0.999999940      0.100000001    
   1.01999998      0.100000001    
   1.03999996      0.100000001    
   1.05999994      0.100000001    
   1.07999992      0.100000001    
   1.09999990      0.100000001    
   1.11999989      0.100000001    
   1.13999999      0.100000001    
   1.15999997      0.100000001    
   1.17999995      0.100000001    
   1.19999993      0.100000001    
   1.21999991      0.100000001    
   1.23999989      0.100000001    
   1.25999987      0.100000001    
   1.27999997      0.100000001    
   1.29999995      0.100000001    
   1.31999993      0.100000001    
   1.33999991      0.100000001    
   1.35999990      0.100000001    
   1.37999988      0.100000001    
   1.39999998      0.100000001    
   1.41999996      0.100000001    
   1.43999994      0.100000001    
   1.45999992      0.100000001    
   1.47999990      0.100000001    
   1.49999988      0.100000001    
   1.51999998      0.100000001    
   1.53999996      0.100000001    
   1.55999994      0.100000001    
   1.57999992      0.100000001    
   1.59999990      0.100000001    
   1.61999989      0.100000001    
   1.63999987      0.100000001    
   1.65999997      0.100000001    
   1.67999995      0.100000001    
   1.69999993      0.100000001    
   1.71999991      0.100000001    
   1.73999989      0.100000001    
   1.75999987      0.100000001    
   1.77999997      0.100000001    
   1.79999995      0.100000001    
   1.81999993      0.100000001    
   1.83999991      0.100000001    
   1.85999990      0.100000001    
   1.87999988      0.100000001    
   1.89999986      0.100000001    
   1.91999996      0.100000001    
   1.93999994      0.100000001    
   1.95999992      0.100000001    
   1.97999990      0.100000001    
   1.99999988      0.100000001    
   2.01999998      0.100000001    
   2.03999996      0.100000001    
   2.05999994      0.100000001    
   2.07999992      0.100000001    
   2.09999990      0.100000001    
   2.11999989      0.100000001    
   2.13999987      0.100000001    
   2.15999985      0.100000001    
   2.17999983      0.100000001    
   2.19999981      0.100000001    
   2.21999979      0.100000001    
   2.24000001      0.100000001    
   2.25999999      0.100000001    
   2.27999997      0.100000001    
   2.29999995      0.100000001    
   2.31999993      0.100000001    
   2.33999991      0.100000001    
   2.35999990      0.100000001    
   2.37999988      0.100000001    
   2.39999986      0.100000001    
   2.41999984      0.100000001    
   2.43999982      0.100000001    
   2.45999980      0.100000001    
   2.48000002      0.100000001    
   2.50000000      0.100000001    
   2.51999998      0.100000001    
   2.53999996      0.100000001    
   2.55999994      0.100000001    
   2.57999992      0.100000001    
   2.59999990      0.100000001    
   2.61999989      0.100000001    
   2.63999987      0.100000001    
   2.65999985      0.100000001    
   2.67999983      0.100000001    
   2.69999981      0.100000001    
   2.71999979      0.100000001    
   2.74000001      0.100000001    
   2.75999999      0.100000001    
   2.77999997      0.100000001    
   2.79999995      0.100000001    
   2.81999993      0.100000001    
   2.83999991      0.100000001    
   2.85999990      0.100000001    
   2.87999988      0.100000001    
   2.89999986      0.100000001    
   2.91999984      0.100000001    
   2.93999982      0.100000001    
   2.95999980      0.100000001    
   2.97999978      0.100000001    
   3.00000000      0.100000001    
   3.01999998      0.100000001    
   3.03999996      0.100000001    
   3.05999994      0.100000001    
   3.07999992      0.100000001    
   3.09999990      0.100000001    
