  -2.00000000       2.72830709E-39
  -1.98000002       3.03806776E-38
  -1.96000004       3.19462374E-37
  -1.94000006       3.25344859E-36
  -1.91999996       3.20898277E-35
  -1.89999998       3.06537037E-34
  -1.88000000       2.83592053E-33
  -1.86000001       2.54101736E-32
  -1.84000003       2.20504308E-31
  -1.82000005       1.85321405E-30
  -1.79999995       1.50848312E-29
  -1.77999997       1.18917218E-28
  -1.75999999       9.07921798E-28
  -1.74000001       6.71351907E-27
  -1.72000003       4.80785885E-26
  -1.70000005       3.33467011E-25
  -1.68000007       2.24001255E-24
  -1.65999997       1.45731450E-23
  -1.63999999       9.18225574E-23
  -1.62000000       5.60332117E-22
  -1.60000002       3.31163152E-21
  -1.58000004       1.89555708E-20
  -1.56000006       1.05082518E-19
  -1.53999996       5.64190945E-19
  -1.51999998       2.93373418E-18
  -1.50000000       1.47744913E-17
  -1.48000002       7.20617449E-17
  -1.46000004       3.40405283E-16
  -1.44000006       1.55735107E-15
  -1.41999996       6.90053983E-15
  -1.39999998       2.96124006E-14
  -1.38000000       1.23073467E-13
  -1.36000001       4.95400162E-13
  -1.34000003       1.93128586E-12
  -1.32000005       7.29186937E-12
  -1.30000007       2.66642836E-11
  -1.27999997       9.44334264E-11
  -1.25999999       3.23904487E-10
  -1.24000001       1.07599363E-09
  -1.22000003       3.46181595E-09
  -1.20000005       1.07869136E-08
  -1.18000007       3.25530713E-08
  -1.15999997       9.51457224E-08
  -1.13999999       2.69330229E-07
  -1.12000000       7.38382539E-07
  -1.10000002       1.96055566E-06
  -1.08000004       5.04170248E-06
  -1.06000006       1.25567331E-05
  -1.03999996       3.02885983E-05
  -1.01999998       7.07587824E-05
  -1.00000000       1.60097028E-04
 -0.980000019       3.50822171E-04
 -0.960000038       7.44546647E-04
 -0.939999998       1.53038022E-03
 -0.920000017       3.04654031E-03
 -0.900000036       5.87375974E-03
 -0.879999995       1.09680006E-02
 -0.860000014       1.98353454E-02
 -0.840000033       3.47418971E-02
 -0.820000052       5.89343719E-02
 -0.800000012       9.68247950E-02
 -0.780000031      0.154065475    
 -0.760000050      0.237424731    
 -0.740000010      0.354363441    
 -0.720000029      0.512239754    
 -0.700000048      0.717132866    
 -0.680000007      0.972362936    
 -0.660000026       1.27690566    
 -0.640000045       1.62401974    
 -0.620000005       2.00044298    
 -0.600000024       2.38650894    
 -0.580000043       2.75741601    
 -0.560000062       3.08562970    
 -0.540000021       3.34416580    
 -0.520000041       3.51021791    
 -0.500000060       3.56847620    
 -0.480000019       3.51345325    
 -0.460000038       3.35033321    
 -0.440000027       3.09417272    
 -0.420000046       2.76760244    
 -0.400000036       2.39753795    
 -0.380000025       2.01154685    
 -0.360000044       1.63454783    
 -0.340000033       1.28637600    
 -0.320000052      0.980485499    
 -0.300000042      0.723798037    
 -0.280000031      0.517483711    
 -0.260000050      0.358326644    
 -0.240000039      0.240305930    
 -0.220000044      0.156082109    
 -0.200000048       9.81849656E-02
 -0.180000037       5.98191507E-02
 -0.160000041       3.52970660E-02
 -0.140000045       2.01716069E-02
 -0.120000042       1.11646680E-02
 -0.100000039       5.98487118E-03
  -8.00000429E-02   3.10718664E-03
  -6.00000434E-02   1.56236719E-03
  -4.00000438E-02   7.60856259E-04
  -2.00000443E-02   3.58861202E-04
  -4.47034836E-08   1.63928096E-04
   1.99999548E-02   7.25418868E-05
   3.99999544E-02   3.10829964E-05
   5.99999540E-02   1.28991551E-05
   7.99999535E-02   5.18445813E-06
   9.99999493E-02   2.01813282E-06
  0.119999953       7.60850924E-07
  0.139999956       2.77813967E-07
  0.159999952       9.82455575E-08
  0.179999948       3.36492576E-08
  0.199999958       1.11619878E-08
  0.219999954       3.58602259E-09
  0.239999950       1.11580911E-09
  0.259999961       3.36255163E-10
  0.279999942       9.81418766E-11
  0.299999952       2.77423796E-11
  0.319999933       7.59517709E-12
  0.339999944       2.01389599E-12
  0.359999955       5.17177338E-13
  0.379999936       1.28632063E-13
  0.399999946       3.09857900E-14
  0.419999957       7.22903233E-15
  0.439999938       1.63344195E-15
  0.459999949       3.57462250E-16
  0.479999959       7.57642715E-17
  0.499999940       1.55526052E-17
  0.519999921       3.09207392E-18
  0.539999962       5.95380772E-19
  0.559999943       1.11032686E-19
  0.579999924       2.00545012E-20
  0.599999964       3.50813477E-21
  0.619999945       5.94358755E-22
  0.639999926       9.75273281E-23
  0.659999967       1.54991320E-23
  0.679999948       2.38559545E-24
  0.699999928       3.55625768E-25
  0.719999909       5.13446267E-26
  0.739999950       7.17954944E-27
  0.759999931       9.72325184E-28
  0.779999912       1.27536020E-28
  0.799999952       1.62015546E-29
  0.819999933       1.99336909E-30
  0.839999914       2.37534259E-31
  0.859999955       2.74138037E-32
  0.879999936       3.06421696E-33
  0.899999917       3.31724345E-34
  0.919999957       3.47810957E-35
  0.939999938       3.53194152E-36
  0.959999919       3.47372069E-37
  0.979999959       3.30883337E-38
  0.999999940       3.05259418E-39
   1.01999998       2.72750134E-40
   1.03999996       2.36034713E-41
   1.05999994       1.97863343E-42
   1.07999992       1.61149323E-43
   1.09999990       1.26116862E-44
   1.11999989       1.40129846E-45
   1.13999999       0.00000000    
   1.15999997       0.00000000    
   1.17999995       0.00000000    
   1.19999993       0.00000000    
   1.21999991       0.00000000    
   1.23999989       0.00000000    
   1.25999987       0.00000000    
   1.27999997       0.00000000    
   1.29999995       0.00000000    
   1.31999993       0.00000000    
   1.33999991       0.00000000    
   1.35999990       0.00000000    
   1.37999988       0.00000000    
   1.39999998       0.00000000    
   1.41999996       0.00000000    
   1.43999994       0.00000000    
   1.45999992       0.00000000    
   1.47999990       0.00000000    
   1.49999988       0.00000000    
   1.51999998       0.00000000    
   1.53999996       0.00000000    
   1.55999994       0.00000000    
   1.57999992       0.00000000    
   1.59999990       0.00000000    
   1.61999989       0.00000000    
   1.63999987       0.00000000    
   1.65999997       0.00000000    
   1.67999995       0.00000000    
   1.69999993       0.00000000    
   1.71999991       0.00000000    
   1.73999989       0.00000000    
   1.75999987       0.00000000    
   1.77999997       0.00000000    
   1.79999995       0.00000000    
   1.81999993       0.00000000    
   1.83999991       0.00000000    
   1.85999990       0.00000000    
   1.87999988       0.00000000    
   1.89999986       0.00000000    
   1.91999996       0.00000000    
   1.93999994       0.00000000    
   1.95999992       0.00000000    
   1.97999990       0.00000000    
   1.99999988       0.00000000    
   2.01999998       0.00000000    
   2.03999996       0.00000000    
   2.05999994       0.00000000    
   2.07999992       0.00000000    
   2.09999990       0.00000000    
   2.11999989       0.00000000    
   2.13999987       0.00000000    
   2.15999985       0.00000000    
   2.17999983       0.00000000    
   2.19999981       0.00000000    
   2.21999979       0.00000000    
   2.24000001       0.00000000    
   2.25999999       0.00000000    
   2.27999997       0.00000000    
   2.29999995       0.00000000    
   2.31999993       0.00000000    
   2.33999991       0.00000000    
   2.35999990       0.00000000    
   2.37999988       0.00000000    
   2.39999986       0.00000000    
   2.41999984       0.00000000    
   2.43999982       0.00000000    
   2.45999980       0.00000000    
   2.48000002       0.00000000    
   2.50000000       0.00000000    
   2.51999998       0.00000000    
   2.53999996       0.00000000    
   2.55999994       0.00000000    
   2.57999992       0.00000000    
   2.59999990       0.00000000    
   2.61999989       0.00000000    
   2.63999987       0.00000000    
   2.65999985       0.00000000    
   2.67999983       0.00000000    
   2.69999981       0.00000000    
   2.71999979       0.00000000    
   2.74000001       0.00000000    
   2.75999999       0.00000000    
   2.77999997       0.00000000    
   2.79999995       0.00000000    
   2.81999993       0.00000000    
   2.83999991       0.00000000    
   2.85999990       0.00000000    
   2.87999988       0.00000000    
   2.89999986       0.00000000    
   2.91999984       0.00000000    
   2.93999982       0.00000000    
   2.95999980       0.00000000    
   2.97999978       0.00000000    
   3.00000000       0.00000000    
   3.01999998       0.00000000    
   3.03999996       0.00000000    
   3.05999994       0.00000000    
   3.07999992       0.00000000    
   3.09999990       0.00000000    
